audioTime/build/outputs/logs/manifest-merger-release-report.txt
-- Merging decision tree log ---
manifest
ADDED from src/main/AndroidManifest.xml:2:1-57:12
	xmlns:tools
		ADDED from src/main/AndroidManifest.xml:3:5-51
	xmlns:android
		ADDED from src/main/AndroidManifest.xml:2:11-69
	package
		ADDED from src/main/AndroidManifest.xml:4:5-32
		INJECTED from src/main/AndroidManifest.xml
		INJECTED from src/main/AndroidManifest.xml
	android:versionName
		ADDED from src/main/AndroidManifest.xml:6:5-32
		INJECTED from src/main/AndroidManifest.xml
		INJECTED from src/main/AndroidManifest.xml
	android:versionCode
		ADDED from src/main/AndroidManifest.xml:5:5-29
		INJECTED from src/main/AndroidManifest.xml
		INJECTED from src/main/AndroidManifest.xml
uses-sdk
ADDED from src/main/AndroidManifest.xml:8:5-10:41
MERGED from [AudioTime:fFTresult:unspecified] AndroidManifest.xml:7:5-9:41
MERGED from [AudioTime:fFT:unspecified] AndroidManifest.xml:7:5-9:41
	android:targetSdkVersion
		ADDED from src/main/AndroidManifest.xml:10:9-38
		INJECTED from src/main/AndroidManifest.xml
		INJECTED from src/main/AndroidManifest.xml
	android:minSdkVersion
		ADDED from src/main/AndroidManifest.xml:9:9-34
		INJECTED from src/main/AndroidManifest.xml
		INJECTED from src/main/AndroidManifest.xml
uses-permission#android.permission.WRITE_EXTERNAL_STORAGE
ADDED from src/main/AndroidManifest.xml:12:2-94
	android:name
		ADDED from src/main/AndroidManifest.xml:12:19-75
uses-permission#android.permission.READ_EXTERNAL_STORAGE
ADDED from src/main/AndroidManifest.xml:13:2-93
	android:name
		ADDED from src/main/AndroidManifest.xml:13:19-74
uses-permission#android.permission.RECORD_AUDIO
ADDED from src/main/AndroidManifest.xml:14:2-84
	android:name
		ADDED from src/main/AndroidManifest.xml:14:19-65
supports-screens
ADDED from src/main/AndroidManifest.xml:16:5-20:39
	android:largeScreens
		ADDED from src/main/AndroidManifest.xml:18:11-38
	android:anyDensity
		ADDED from src/main/AndroidManifest.xml:20:11-36
	android:normalScreens
		ADDED from src/main/AndroidManifest.xml:17:11-39
	android:xlargeScreens
		ADDED from src/main/AndroidManifest.xml:19:11-39
application
ADDED from src/main/AndroidManifest.xml:22:5-55:20
MERGED from [AudioTime:fFTresult:unspecified] AndroidManifest.xml:11:5-16:19
MERGED from [AudioTime:fFT:unspecified] AndroidManifest.xml:11:5-16:19
	android:label
		ADDED from src/main/AndroidManifest.xml:27:9-41
	android:allowBackup
		ADDED from src/main/AndroidManifest.xml:24:9-35
	android:icon
		ADDED from src/main/AndroidManifest.xml:26:9-38
		REJECTED from [AudioTime:fFTresult:unspecified] AndroidManifest.xml:13:9-45
		REJECTED from [AudioTime:fFT:unspecified] AndroidManifest.xml:13:9-45
	android:theme
		ADDED from src/main/AndroidManifest.xml:28:9-40
		REJECTED from [AudioTime:fFTresult:unspecified] AndroidManifest.xml:15:9-40
		REJECTED from [AudioTime:fFT:unspecified] AndroidManifest.xml:15:9-40
	android:exported
		ADDED from src/main/AndroidManifest.xml:25:9-34
	tools:replace
		ADDED from src/main/AndroidManifest.xml:23:9-51
activity#edu.ius.audiotime.AudiotimeActivity
ADDED from src/main/AndroidManifest.xml:29:9-50:14
	android:label
		ADDED from src/main/AndroidManifest.xml:31:13-45
	android:configChanges
		ADDED from src/main/AndroidManifest.xml:32:12-73
	android:theme
		ADDED from src/main/AndroidManifest.xml:33:12-70
	android:name
		ADDED from src/main/AndroidManifest.xml:30:13-63
intent-filter#android.intent.action.MAIN+android.intent.category.LAUNCHER
ADDED from src/main/AndroidManifest.xml:34:13-37:29
action#android.intent.action.MAIN
ADDED from src/main/AndroidManifest.xml:35:17-69
	android:name
		ADDED from src/main/AndroidManifest.xml:35:25-66
category#android.intent.category.LAUNCHER
ADDED from src/main/AndroidManifest.xml:36:17-77
	android:name
		ADDED from src/main/AndroidManifest.xml:36:27-74
intent-filter#android.intent.action.VIEW+android.intent.category.BROWSABLE+android.intent.category.DEFAULT
ADDED from src/main/AndroidManifest.xml:38:13-49:23
action#android.intent.action.VIEW
ADDED from src/main/AndroidManifest.xml:39:11-63
	android:name
		ADDED from src/main/AndroidManifest.xml:39:19-60
category#android.intent.category.DEFAULT
ADDED from src/main/AndroidManifest.xml:40:11-70
	android:name
		ADDED from src/main/AndroidManifest.xml:40:21-67
category#android.intent.category.BROWSABLE
ADDED from src/main/AndroidManifest.xml:41:11-72
	android:name
		ADDED from src/main/AndroidManifest.xml:41:21-69
data
ADDED from src/main/AndroidManifest.xml:42:11-41
	android:scheme
		ADDED from src/main/AndroidManifest.xml:42:17-38
activity#edu.ius.audiospectrum.AudioSpectrumActivity
ADDED from src/main/AndroidManifest.xml:51:3-54:19
	android:label
		ADDED from src/main/AndroidManifest.xml:51:13-72
	package
		ADDED from src/main/AndroidManifest.xml:53:19-52
	android:name
		ADDED from src/main/AndroidManifest.xml:52:19-77